2015-10-05 01:05:19,778 [ModalContext] WARN  o.e.m.c.i.embedder.EclipseLogger - Failure to transfer org.apache.maven.plugins:maven-install-plugin/maven-metadata.xml from http://snapshots.repository.codehaus.org/ was cached in the local repository, resolution will not be reattempted until the update interval of Codehaus Snapshots has elapsed or updates are forced. Original error: Could not transfer metadata org.apache.maven.plugins:maven-install-plugin/maven-metadata.xml from/to Codehaus Snapshots (http://snapshots.repository.codehaus.org/): null to http://snapshots.repository.codehaus.org/org/apache/maven/plugins/maven-install-plugin/maven-metadata.xml
2015-10-05 01:05:19,940 [ModalContext] WARN  o.e.m.c.i.embedder.EclipseLogger - Failure to transfer org.apache.maven.plugins:maven-resources-plugin/maven-metadata.xml from http://snapshots.repository.codehaus.org/ was cached in the local repository, resolution will not be reattempted until the update interval of Codehaus Snapshots has elapsed or updates are forced. Original error: Could not transfer metadata org.apache.maven.plugins:maven-resources-plugin/maven-metadata.xml from/to Codehaus Snapshots (http://snapshots.repository.codehaus.org/): null to http://snapshots.repository.codehaus.org/org/apache/maven/plugins/maven-resources-plugin/maven-metadata.xml
2015-10-05 01:05:20,015 [ModalContext] WARN  o.e.m.c.i.embedder.EclipseLogger - Failure to transfer org.apache.maven.plugins:maven-surefire-plugin/maven-metadata.xml from http://snapshots.repository.codehaus.org/ was cached in the local repository, resolution will not be reattempted until the update interval of Codehaus Snapshots has elapsed or updates are forced. Original error: Could not transfer metadata org.apache.maven.plugins:maven-surefire-plugin/maven-metadata.xml from/to Codehaus Snapshots (http://snapshots.repository.codehaus.org/): null to http://snapshots.repository.codehaus.org/org/apache/maven/plugins/maven-surefire-plugin/maven-metadata.xml
2015-10-05 01:05:20,147 [ModalContext] WARN  o.e.m.c.i.embedder.EclipseLogger - Failure to transfer org.apache.maven.plugins:maven-deploy-plugin/maven-metadata.xml from http://snapshots.repository.codehaus.org/ was cached in the local repository, resolution will not be reattempted until the update interval of Codehaus Snapshots has elapsed or updates are forced. Original error: Could not transfer metadata org.apache.maven.plugins:maven-deploy-plugin/maven-metadata.xml from/to Codehaus Snapshots (http://snapshots.repository.codehaus.org/): null to http://snapshots.repository.codehaus.org/org/apache/maven/plugins/maven-deploy-plugin/maven-metadata.xml
2015-10-05 01:05:20,592 [ModalContext] WARN  o.e.m.c.i.embedder.EclipseLogger - Failure to transfer org.apache.maven.plugins:maven-install-plugin/maven-metadata.xml from http://snapshots.repository.codehaus.org/ was cached in the local repository, resolution will not be reattempted until the update interval of Codehaus Snapshots has elapsed or updates are forced. Original error: Could not transfer metadata org.apache.maven.plugins:maven-install-plugin/maven-metadata.xml from/to Codehaus Snapshots (http://snapshots.repository.codehaus.org/): null to http://snapshots.repository.codehaus.org/org/apache/maven/plugins/maven-install-plugin/maven-metadata.xml
2015-10-05 01:05:20,598 [ModalContext] WARN  o.e.m.c.i.embedder.EclipseLogger - Failure to transfer org.apache.maven.plugins:maven-resources-plugin/maven-metadata.xml from http://snapshots.repository.codehaus.org/ was cached in the local repository, resolution will not be reattempted until the update interval of Codehaus Snapshots has elapsed or updates are forced. Original error: Could not transfer metadata org.apache.maven.plugins:maven-resources-plugin/maven-metadata.xml from/to Codehaus Snapshots (http://snapshots.repository.codehaus.org/): null to http://snapshots.repository.codehaus.org/org/apache/maven/plugins/maven-resources-plugin/maven-metadata.xml
2015-10-05 01:05:20,608 [ModalContext] WARN  o.e.m.c.i.embedder.EclipseLogger - Failure to transfer org.apache.maven.plugins:maven-surefire-plugin/maven-metadata.xml from http://snapshots.repository.codehaus.org/ was cached in the local repository, resolution will not be reattempted until the update interval of Codehaus Snapshots has elapsed or updates are forced. Original error: Could not transfer metadata org.apache.maven.plugins:maven-surefire-plugin/maven-metadata.xml from/to Codehaus Snapshots (http://snapshots.repository.codehaus.org/): null to http://snapshots.repository.codehaus.org/org/apache/maven/plugins/maven-surefire-plugin/maven-metadata.xml
2015-10-05 01:05:20,616 [ModalContext] WARN  o.e.m.c.i.embedder.EclipseLogger - Failure to transfer org.apache.maven.plugins:maven-deploy-plugin/maven-metadata.xml from http://snapshots.repository.codehaus.org/ was cached in the local repository, resolution will not be reattempted until the update interval of Codehaus Snapshots has elapsed or updates are forced. Original error: Could not transfer metadata org.apache.maven.plugins:maven-deploy-plugin/maven-metadata.xml from/to Codehaus Snapshots (http://snapshots.repository.codehaus.org/): null to http://snapshots.repository.codehaus.org/org/apache/maven/plugins/maven-deploy-plugin/maven-metadata.xml
2015-10-05 01:05:20,694 [ModalContext] WARN  o.e.m.c.i.embedder.EclipseLogger - Failure to transfer org.apache.maven.plugins:maven-install-plugin/maven-metadata.xml from http://snapshots.repository.codehaus.org/ was cached in the local repository, resolution will not be reattempted until the update interval of Codehaus Snapshots has elapsed or updates are forced. Original error: Could not transfer metadata org.apache.maven.plugins:maven-install-plugin/maven-metadata.xml from/to Codehaus Snapshots (http://snapshots.repository.codehaus.org/): null to http://snapshots.repository.codehaus.org/org/apache/maven/plugins/maven-install-plugin/maven-metadata.xml
2015-10-05 01:05:20,701 [ModalContext] WARN  o.e.m.c.i.embedder.EclipseLogger - Failure to transfer org.apache.maven.plugins:maven-resources-plugin/maven-metadata.xml from http://snapshots.repository.codehaus.org/ was cached in the local repository, resolution will not be reattempted until the update interval of Codehaus Snapshots has elapsed or updates are forced. Original error: Could not transfer metadata org.apache.maven.plugins:maven-resources-plugin/maven-metadata.xml from/to Codehaus Snapshots (http://snapshots.repository.codehaus.org/): null to http://snapshots.repository.codehaus.org/org/apache/maven/plugins/maven-resources-plugin/maven-metadata.xml
2015-10-05 01:05:20,708 [ModalContext] WARN  o.e.m.c.i.embedder.EclipseLogger - Failure to transfer org.apache.maven.plugins:maven-surefire-plugin/maven-metadata.xml from http://snapshots.repository.codehaus.org/ was cached in the local repository, resolution will not be reattempted until the update interval of Codehaus Snapshots has elapsed or updates are forced. Original error: Could not transfer metadata org.apache.maven.plugins:maven-surefire-plugin/maven-metadata.xml from/to Codehaus Snapshots (http://snapshots.repository.codehaus.org/): null to http://snapshots.repository.codehaus.org/org/apache/maven/plugins/maven-surefire-plugin/maven-metadata.xml
2015-10-05 01:05:20,715 [ModalContext] WARN  o.e.m.c.i.embedder.EclipseLogger - Failure to transfer org.apache.maven.plugins:maven-deploy-plugin/maven-metadata.xml from http://snapshots.repository.codehaus.org/ was cached in the local repository, resolution will not be reattempted until the update interval of Codehaus Snapshots has elapsed or updates are forced. Original error: Could not transfer metadata org.apache.maven.plugins:maven-deploy-plugin/maven-metadata.xml from/to Codehaus Snapshots (http://snapshots.repository.codehaus.org/): null to http://snapshots.repository.codehaus.org/org/apache/maven/plugins/maven-deploy-plugin/maven-metadata.xml
2015-10-05 01:05:21,882 [ModalContext] WARN  o.e.m.c.i.embedder.EclipseLogger - Failure to transfer org.apache.maven.plugins:maven-resources-plugin/maven-metadata.xml from http://snapshots.repository.codehaus.org was cached in the local repository, resolution will not be reattempted until the update interval of codehaus-snapshots has elapsed or updates are forced. Original error: Could not transfer metadata org.apache.maven.plugins:maven-resources-plugin/maven-metadata.xml from/to codehaus-snapshots (http://snapshots.repository.codehaus.org): snapshots.repository.codehaus.org
2015-10-05 01:05:21,910 [ModalContext] WARN  o.e.m.c.i.embedder.EclipseLogger - Failure to transfer org.apache.maven.plugins:maven-surefire-plugin/maven-metadata.xml from http://snapshots.repository.codehaus.org was cached in the local repository, resolution will not be reattempted until the update interval of codehaus-snapshots has elapsed or updates are forced. Original error: Could not transfer metadata org.apache.maven.plugins:maven-surefire-plugin/maven-metadata.xml from/to codehaus-snapshots (http://snapshots.repository.codehaus.org): snapshots.repository.codehaus.org
2015-10-05 01:05:21,977 [ModalContext] WARN  o.e.m.c.i.embedder.EclipseLogger - Failure to transfer org.apache.maven.plugins:maven-compiler-plugin/maven-metadata.xml from http://snapshots.repository.codehaus.org was cached in the local repository, resolution will not be reattempted until the update interval of codehaus-snapshots has elapsed or updates are forced. Original error: Could not transfer metadata org.apache.maven.plugins:maven-compiler-plugin/maven-metadata.xml from/to codehaus-snapshots (http://snapshots.repository.codehaus.org): snapshots.repository.codehaus.org
2015-10-05 01:05:22,099 [ModalContext] WARN  o.e.m.c.i.embedder.EclipseLogger - Failure to transfer org.apache.maven.plugins:maven-deploy-plugin/maven-metadata.xml from http://snapshots.repository.codehaus.org was cached in the local repository, resolution will not be reattempted until the update interval of codehaus-snapshots has elapsed or updates are forced. Original error: Could not transfer metadata org.apache.maven.plugins:maven-deploy-plugin/maven-metadata.xml from/to codehaus-snapshots (http://snapshots.repository.codehaus.org): snapshots.repository.codehaus.org
2015-10-05 01:05:37,899 [ModalContext] WARN  o.e.m.i.discovery.MavenDiscovery - CatalogItem org.eclipse.m2e.discovery.lifecyclemapping.m2e-egit does not contain lifecycle mapping metadata
2015-10-05 01:05:37,905 [ModalContext] WARN  o.e.m.i.discovery.MavenDiscovery - CatalogItem org.eclipse.m2e.discovery.lifecyclemapping.m2e-subversive does not contain lifecycle mapping metadata
2015-10-05 01:05:37,911 [ModalContext] WARN  o.e.m.i.discovery.MavenDiscovery - CatalogItem org.eclipse.m2e.discovery.lifecyclemapping.m2e-subclipse does not contain lifecycle mapping metadata
2015-10-05 01:05:46,491 [Worker-11] WARN  o.e.m.c.i.embedder.EclipseLogger - Failure to transfer org.apache.maven.plugins:maven-compiler-plugin/maven-metadata.xml from http://snapshots.repository.codehaus.org/ was cached in the local repository, resolution will not be reattempted until the update interval of codehause.maven.snapshots has elapsed or updates are forced. Original error: Could not transfer metadata org.apache.maven.plugins:maven-compiler-plugin/maven-metadata.xml from/to codehause.maven.snapshots (http://snapshots.repository.codehaus.org/): snapshots.repository.codehaus.org
2015-10-05 01:05:46,850 [Worker-11] INFO  o.e.m.c.i.l.LifecycleMappingFactory - Using NULL lifecycle mapping for MavenProject: dcm4che:dcm4chee-docstore:1.0.3 @ C:\home\dcm\repos\dcm4chee-docstore\pom.xml.
2015-10-05 01:05:47,093 [Worker-11] INFO  o.e.m.c.i.l.LifecycleMappingFactory - Using org.eclipse.m2e.jdt.JarLifecycleMapping lifecycle mapping for MavenProject: dcm4che:dcm4chee-docstore-store:1.0.3 @ C:\home\dcm\repos\dcm4chee-docstore\dcm4chee-docstore-store\pom.xml.
2015-10-05 01:05:49,263 [Worker-8] WARN  o.e.m.c.i.embedder.EclipseLogger - Failure to transfer org.apache.maven.plugins:maven-compiler-plugin/maven-metadata.xml from http://snapshots.repository.codehaus.org/ was cached in the local repository, resolution will not be reattempted until the update interval of codehause.maven.snapshots has elapsed or updates are forced. Original error: Could not transfer metadata org.apache.maven.plugins:maven-compiler-plugin/maven-metadata.xml from/to codehause.maven.snapshots (http://snapshots.repository.codehaus.org/): snapshots.repository.codehaus.org
2015-10-05 01:05:49,456 [Worker-11] INFO  o.e.m.j.i.AbstractJavaProjectConfigurator - Adding source folder /dcm4chee-docstore-store/src/main/java
2015-10-05 01:05:49,463 [Worker-11] INFO  o.e.m.j.i.AbstractJavaProjectConfigurator - Adding resource folder /dcm4chee-docstore-store/src/main/resources
2015-10-05 01:05:49,490 [Worker-11] INFO  o.e.m.j.i.AbstractJavaProjectConfigurator - Adding source folder /dcm4chee-docstore-store/src/test/java
2015-10-05 01:05:49,497 [Worker-11] INFO  o.e.m.j.i.AbstractJavaProjectConfigurator - Adding resource folder /dcm4chee-docstore-store/src/test/resources
2015-10-05 01:05:49,510 [Worker-8] INFO  o.e.m.c.i.l.LifecycleMappingFactory - Using NULL lifecycle mapping for MavenProject: dcm4che:dcm4chee-docstore:1.0.3 @ C:\home\dcm\repos\dcm4chee-docstore\pom.xml.
2015-10-05 01:05:49,609 [Worker-8] INFO  o.e.m.c.i.l.LifecycleMappingFactory - Using org.eclipse.m2e.jdt.JarLifecycleMapping lifecycle mapping for MavenProject: dcm4che:dcm4chee-docstore-store:1.0.3 @ C:\home\dcm\repos\dcm4chee-docstore\dcm4chee-docstore-store\pom.xml.
2015-10-05 01:05:50,217 [Worker-8] INFO  o.e.m.c.i.l.LifecycleMappingFactory - Using org.eclipse.m2e.jdt.JarLifecycleMapping lifecycle mapping for MavenProject: dcm4che:dcm4chee-docstore-store:1.0.3 @ C:\home\dcm\repos\dcm4chee-docstore\dcm4chee-docstore-store\pom.xml.
2015-10-05 01:05:50,385 [Worker-11] INFO  o.e.m.c.i.p.ProjectConfigurationManager - Project import completed 5 sec
2015-10-05 01:05:50,895 [Worker-14] INFO  o.e.m.c.i.p.ProjectConfigurationManager - Update started
2015-10-05 01:05:50,901 [Worker-14] INFO  o.e.m.c.i.p.ProjectConfigurationManager - Update completed: 0 sec
2015-10-05 01:05:52,517 [Worker-8] WARN  o.e.m.c.i.embedder.EclipseLogger - Using platform encoding (Cp1252 actually) to copy filtered resources, i.e. build is platform dependent!
2015-10-05 01:05:52,540 [Worker-8] INFO  o.e.m.c.i.embedder.EclipseLogger - Copying 3 resources
2015-10-05 01:05:52,606 [Worker-8] WARN  o.e.m.c.i.embedder.EclipseLogger - File encoding has not been set, using platform encoding Cp1252, i.e. build is platform dependent!
2015-10-05 01:05:52,616 [Worker-8] WARN  o.e.m.c.i.embedder.EclipseLogger - Using platform encoding (Cp1252 actually) to copy filtered resources, i.e. build is platform dependent!
2015-10-05 01:05:52,623 [Worker-8] INFO  o.e.m.c.i.embedder.EclipseLogger - Copying 4 resources
2015-10-05 01:06:25,345 [Worker-11] INFO  o.e.m.c.i.l.LifecycleMappingFactory - Using NULL lifecycle mapping for MavenProject: dcm4che:dcm4chee-xds-infoset:1.0.3 @ C:\home\dcm\repos\dcm4chee-xds-infoset\pom.xml.
2015-10-05 01:06:25,631 [Worker-11] WARN  o.e.m.c.i.embedder.EclipseLogger - The POM for com.sun.xml.stream.buffer:streambuffer:jar:0.4 is invalid, transitive dependencies (if any) will not be available, enable debug logging for more details
2015-10-05 01:06:25,707 [Worker-11] WARN  o.e.m.c.i.embedder.EclipseLogger - The POM for org.jvnet.staxex:stax-ex:jar:1.0 is invalid, transitive dependencies (if any) will not be available, enable debug logging for more details
2015-10-05 01:06:25,997 [Worker-11] INFO  o.e.m.c.i.l.LifecycleMappingFactory - Using org.eclipse.m2e.jdt.JarLifecycleMapping lifecycle mapping for MavenProject: dcm4che:dcm4chee-xds-infoset-v30:1.0.3 @ C:\home\dcm\repos\dcm4chee-xds-infoset\dcm4chee-xds-infoset-v30\pom.xml.
2015-10-05 01:06:27,312 [Worker-11] INFO  o.e.m.j.i.AbstractJavaProjectConfigurator - Adding source folder /dcm4chee-xds-infoset-v30/src/main/java
2015-10-05 01:06:27,312 [Worker-11] INFO  o.e.m.j.i.AbstractJavaProjectConfigurator - Adding resource folder /dcm4chee-xds-infoset-v30/src/main/resources
2015-10-05 01:06:27,316 [Worker-11] INFO  o.e.m.j.i.AbstractJavaProjectConfigurator - Adding source folder /dcm4chee-xds-infoset-v30/src/test/java
2015-10-05 01:06:27,831 [Worker-10] INFO  o.e.m.c.i.l.LifecycleMappingFactory - Using NULL lifecycle mapping for MavenProject: dcm4che:dcm4chee-xds-infoset:1.0.3 @ C:\home\dcm\repos\dcm4chee-xds-infoset\pom.xml.
2015-10-05 01:06:27,872 [Worker-10] WARN  o.e.m.c.i.embedder.EclipseLogger - The POM for com.sun.xml.stream.buffer:streambuffer:jar:0.4 is invalid, transitive dependencies (if any) will not be available, enable debug logging for more details
2015-10-05 01:06:27,913 [Worker-10] WARN  o.e.m.c.i.embedder.EclipseLogger - The POM for org.jvnet.staxex:stax-ex:jar:1.0 is invalid, transitive dependencies (if any) will not be available, enable debug logging for more details
2015-10-05 01:06:28,091 [Worker-10] INFO  o.e.m.c.i.l.LifecycleMappingFactory - Using org.eclipse.m2e.jdt.JarLifecycleMapping lifecycle mapping for MavenProject: dcm4che:dcm4chee-xds-infoset-v30:1.0.3 @ C:\home\dcm\repos\dcm4chee-xds-infoset\dcm4chee-xds-infoset-v30\pom.xml.
2015-10-05 01:06:28,292 [Worker-10] INFO  o.e.m.c.i.l.LifecycleMappingFactory - Using org.eclipse.m2e.jdt.JarLifecycleMapping lifecycle mapping for MavenProject: dcm4che:dcm4chee-xds-infoset-v30:1.0.3 @ C:\home\dcm\repos\dcm4chee-xds-infoset\dcm4chee-xds-infoset-v30\pom.xml.
2015-10-05 01:06:28,331 [Worker-10] WARN  o.e.m.c.i.embedder.EclipseLogger - The POM for com.sun.xml.stream.buffer:streambuffer:jar:0.4 is invalid, transitive dependencies (if any) will not be available, enable debug logging for more details
2015-10-05 01:06:28,352 [Worker-10] WARN  o.e.m.c.i.embedder.EclipseLogger - The POM for org.jvnet.staxex:stax-ex:jar:1.0 is invalid, transitive dependencies (if any) will not be available, enable debug logging for more details
2015-10-05 01:06:29,630 [Worker-13] WARN  o.e.m.c.i.embedder.EclipseLogger - The POM for com.sun.xml.stream.buffer:streambuffer:jar:0.4 is invalid, transitive dependencies (if any) will not be available, enable debug logging for more details
2015-10-05 01:06:29,654 [Worker-13] WARN  o.e.m.c.i.embedder.EclipseLogger - The POM for org.jvnet.staxex:stax-ex:jar:1.0 is invalid, transitive dependencies (if any) will not be available, enable debug logging for more details
2015-10-05 01:06:29,747 [Worker-13] WARN  o.e.m.c.i.embedder.EclipseLogger - Using platform encoding (Cp1252 actually) to copy filtered resources, i.e. build is platform dependent!
2015-10-05 01:06:29,759 [Worker-13] INFO  o.e.m.c.i.embedder.EclipseLogger - Copying 7 resources
2015-10-05 01:06:29,959 [Worker-13] WARN  o.e.m.c.i.embedder.EclipseLogger - Using platform encoding (Cp1252 actually) to copy filtered resources, i.e. build is platform dependent!
2015-10-05 01:06:29,979 [Worker-13] INFO  o.e.m.c.i.embedder.EclipseLogger - skip non existing resourceDirectory C:\home\dcm\repos\dcm4chee-xds-infoset\dcm4chee-xds-infoset-v30\src\test\resources
2015-10-05 01:07:21,241 [Worker-0] WARN  o.e.m.c.i.embedder.EclipseLogger - Using platform encoding (Cp1252 actually) to copy filtered resources, i.e. build is platform dependent!
2015-10-05 01:07:21,255 [Worker-0] INFO  o.e.m.c.i.embedder.EclipseLogger - Copying 3 resources
2015-10-05 01:07:21,281 [Worker-0] WARN  o.e.m.c.i.embedder.EclipseLogger - File encoding has not been set, using platform encoding Cp1252, i.e. build is platform dependent!
2015-10-05 01:07:21,291 [Worker-0] WARN  o.e.m.c.i.embedder.EclipseLogger - Using platform encoding (Cp1252 actually) to copy filtered resources, i.e. build is platform dependent!
2015-10-05 01:07:21,302 [Worker-0] INFO  o.e.m.c.i.embedder.EclipseLogger - Copying 4 resources
2015-10-05 01:07:22,330 [Worker-0] WARN  o.e.m.c.i.embedder.EclipseLogger - The POM for com.sun.xml.stream.buffer:streambuffer:jar:0.4 is invalid, transitive dependencies (if any) will not be available, enable debug logging for more details
2015-10-05 01:07:22,367 [Worker-0] WARN  o.e.m.c.i.embedder.EclipseLogger - The POM for org.jvnet.staxex:stax-ex:jar:1.0 is invalid, transitive dependencies (if any) will not be available, enable debug logging for more details
2015-10-05 01:07:22,452 [Worker-0] WARN  o.e.m.c.i.embedder.EclipseLogger - Using platform encoding (Cp1252 actually) to copy filtered resources, i.e. build is platform dependent!
2015-10-05 01:07:22,469 [Worker-0] INFO  o.e.m.c.i.embedder.EclipseLogger - Copying 7 resources
2015-10-05 01:07:22,524 [Worker-0] WARN  o.e.m.c.i.embedder.EclipseLogger - Using platform encoding (Cp1252 actually) to copy filtered resources, i.e. build is platform dependent!
2015-10-05 01:07:22,535 [Worker-0] INFO  o.e.m.c.i.embedder.EclipseLogger - skip non existing resourceDirectory C:\home\dcm\repos\dcm4chee-xds-infoset\dcm4chee-xds-infoset-v30\src\test\resources
2015-10-05 01:08:05,402 [Worker-13] INFO  o.e.m.c.i.l.LifecycleMappingFactory - Using org.eclipse.m2e.jdt.JarLifecycleMapping lifecycle mapping for MavenProject: dcm4che:dcm4chee-xds-infoset-v30:1.0.3 @ C:\home\dcm\repos\dcm4chee-xds-infoset\dcm4chee-xds-infoset-v30\pom.xml.
2015-10-05 01:08:05,447 [Worker-13] WARN  o.e.m.c.i.embedder.EclipseLogger - The POM for com.sun.xml.stream.buffer:streambuffer:jar:0.4 is invalid, transitive dependencies (if any) will not be available, enable debug logging for more details
2015-10-05 01:08:05,458 [Worker-13] WARN  o.e.m.c.i.embedder.EclipseLogger - The POM for org.jvnet.staxex:stax-ex:jar:1.0 is invalid, transitive dependencies (if any) will not be available, enable debug logging for more details
2015-10-05 01:08:05,707 [Worker-13] INFO  o.e.m.j.i.AbstractJavaProjectConfigurator - Adding source folder /dcm4chee-xds-infoset-v30/src/main/java
2015-10-05 01:08:05,708 [Worker-13] INFO  o.e.m.j.i.AbstractJavaProjectConfigurator - Adding resource folder /dcm4chee-xds-infoset-v30/src/main/resources
2015-10-05 01:08:05,713 [Worker-13] INFO  o.e.m.j.i.AbstractJavaProjectConfigurator - Adding source folder /dcm4chee-xds-infoset-v30/src/test/java
2015-10-05 01:08:06,944 [Worker-14] INFO  o.e.m.c.i.l.LifecycleMappingFactory - Using org.eclipse.m2e.jdt.JarLifecycleMapping lifecycle mapping for MavenProject: dcm4che:dcm4chee-xds-infoset-v30:1.0.3 @ C:\home\dcm\repos\dcm4chee-xds-infoset\dcm4chee-xds-infoset-v30\pom.xml.
2015-10-05 01:08:07,017 [Worker-14] WARN  o.e.m.c.i.embedder.EclipseLogger - The POM for com.sun.xml.stream.buffer:streambuffer:jar:0.4 is invalid, transitive dependencies (if any) will not be available, enable debug logging for more details
2015-10-05 01:08:07,059 [Worker-14] WARN  o.e.m.c.i.embedder.EclipseLogger - The POM for org.jvnet.staxex:stax-ex:jar:1.0 is invalid, transitive dependencies (if any) will not be available, enable debug logging for more details
2015-10-05 01:08:07,188 [Worker-11] WARN  o.e.m.c.i.embedder.EclipseLogger - The POM for com.sun.xml.stream.buffer:streambuffer:jar:0.4 is invalid, transitive dependencies (if any) will not be available, enable debug logging for more details
2015-10-05 01:08:07,209 [Worker-11] WARN  o.e.m.c.i.embedder.EclipseLogger - The POM for org.jvnet.staxex:stax-ex:jar:1.0 is invalid, transitive dependencies (if any) will not be available, enable debug logging for more details
2015-10-05 01:08:07,321 [Worker-11] WARN  o.e.m.c.i.embedder.EclipseLogger - Using platform encoding (Cp1252 actually) to copy filtered resources, i.e. build is platform dependent!
2015-10-05 01:08:07,336 [Worker-11] INFO  o.e.m.c.i.embedder.EclipseLogger - Copying 7 resources
2015-10-05 01:08:07,386 [Worker-11] WARN  o.e.m.c.i.embedder.EclipseLogger - Using platform encoding (Cp1252 actually) to copy filtered resources, i.e. build is platform dependent!
2015-10-05 01:08:07,405 [Worker-11] INFO  o.e.m.c.i.embedder.EclipseLogger - skip non existing resourceDirectory C:\home\dcm\repos\dcm4chee-xds-infoset\dcm4chee-xds-infoset-v30\src\test\resources
2015-10-05 01:08:19,597 [Worker-0] WARN  o.e.m.c.i.embedder.EclipseLogger - Using platform encoding (Cp1252 actually) to copy filtered resources, i.e. build is platform dependent!
2015-10-05 01:08:19,613 [Worker-0] INFO  o.e.m.c.i.embedder.EclipseLogger - Copying 0 resource
2015-10-05 01:08:19,615 [Worker-0] WARN  o.e.m.c.i.embedder.EclipseLogger - File encoding has not been set, using platform encoding Cp1252, i.e. build is platform dependent!
2015-10-05 01:08:19,628 [Worker-0] WARN  o.e.m.c.i.embedder.EclipseLogger - Using platform encoding (Cp1252 actually) to copy filtered resources, i.e. build is platform dependent!
2015-10-05 01:08:19,641 [Worker-0] INFO  o.e.m.c.i.embedder.EclipseLogger - Copying 0 resource
2015-10-05 01:08:19,693 [Worker-0] WARN  o.e.m.c.i.embedder.EclipseLogger - The POM for com.sun.xml.stream.buffer:streambuffer:jar:0.4 is invalid, transitive dependencies (if any) will not be available, enable debug logging for more details
2015-10-05 01:08:19,712 [Worker-0] WARN  o.e.m.c.i.embedder.EclipseLogger - The POM for org.jvnet.staxex:stax-ex:jar:1.0 is invalid, transitive dependencies (if any) will not be available, enable debug logging for more details
2015-10-05 01:08:19,780 [Worker-0] WARN  o.e.m.c.i.embedder.EclipseLogger - Using platform encoding (Cp1252 actually) to copy filtered resources, i.e. build is platform dependent!
2015-10-05 01:08:19,789 [Worker-0] INFO  o.e.m.c.i.embedder.EclipseLogger - Copying 0 resource
2015-10-05 01:08:19,792 [Worker-0] WARN  o.e.m.c.i.embedder.EclipseLogger - Using platform encoding (Cp1252 actually) to copy filtered resources, i.e. build is platform dependent!
2015-10-05 01:08:19,798 [Worker-0] INFO  o.e.m.c.i.embedder.EclipseLogger - skip non existing resourceDirectory C:\home\dcm\repos\dcm4chee-xds-infoset\dcm4chee-xds-infoset-v30\src\test\resources
2015-10-05 01:08:41,443 [Worker-14] INFO  o.e.m.c.i.l.LifecycleMappingFactory - Using org.eclipse.m2e.jdt.JarLifecycleMapping lifecycle mapping for MavenProject: dcm4che:dcm4chee-xds-infoset-v30:1.0.3 @ C:\home\dcm\repos\dcm4chee-xds-infoset\dcm4chee-xds-infoset-v30\pom.xml.
2015-10-05 01:08:41,504 [Worker-14] WARN  o.e.m.c.i.embedder.EclipseLogger - The POM for com.sun.xml.stream.buffer:streambuffer:jar:0.4 is invalid, transitive dependencies (if any) will not be available, enable debug logging for more details
2015-10-05 01:08:41,518 [Worker-14] WARN  o.e.m.c.i.embedder.EclipseLogger - The POM for org.jvnet.staxex:stax-ex:jar:1.0 is invalid, transitive dependencies (if any) will not be available, enable debug logging for more details
2015-10-05 01:08:41,658 [Worker-14] WARN  o.e.m.c.i.embedder.EclipseLogger - Using platform encoding (Cp1252 actually) to copy filtered resources, i.e. build is platform dependent!
2015-10-05 01:08:41,664 [Worker-14] INFO  o.e.m.c.i.embedder.EclipseLogger - Copying 0 resource
2015-10-05 01:08:41,676 [Worker-14] WARN  o.e.m.c.i.embedder.EclipseLogger - Using platform encoding (Cp1252 actually) to copy filtered resources, i.e. build is platform dependent!
2015-10-05 01:08:41,683 [Worker-14] INFO  o.e.m.c.i.embedder.EclipseLogger - skip non existing resourceDirectory C:\home\dcm\repos\dcm4chee-xds-infoset\dcm4chee-xds-infoset-v30\src\test\resources
2015-10-05 01:08:51,016 [Worker-16] INFO  o.e.m.c.i.l.LifecycleMappingFactory - Using org.eclipse.m2e.jdt.JarLifecycleMapping lifecycle mapping for MavenProject: dcm4che:dcm4chee-xds-infoset-v30:1.0.3 @ C:\home\dcm\repos\dcm4chee-xds-infoset\dcm4chee-xds-infoset-v30\pom.xml.
2015-10-05 01:08:51,067 [Worker-16] WARN  o.e.m.c.i.embedder.EclipseLogger - The POM for com.sun.xml.stream.buffer:streambuffer:jar:0.4 is invalid, transitive dependencies (if any) will not be available, enable debug logging for more details
2015-10-05 01:08:51,088 [Worker-16] WARN  o.e.m.c.i.embedder.EclipseLogger - The POM for org.jvnet.staxex:stax-ex:jar:1.0 is invalid, transitive dependencies (if any) will not be available, enable debug logging for more details
2015-10-05 01:08:51,134 [Worker-16] WARN  o.e.m.c.i.embedder.EclipseLogger - Using platform encoding (Cp1252 actually) to copy filtered resources, i.e. build is platform dependent!
2015-10-05 01:08:51,146 [Worker-16] INFO  o.e.m.c.i.embedder.EclipseLogger - Copying 0 resource
2015-10-05 01:08:51,148 [Worker-16] WARN  o.e.m.c.i.embedder.EclipseLogger - Using platform encoding (Cp1252 actually) to copy filtered resources, i.e. build is platform dependent!
2015-10-05 01:08:51,159 [Worker-16] INFO  o.e.m.c.i.embedder.EclipseLogger - skip non existing resourceDirectory C:\home\dcm\repos\dcm4chee-xds-infoset\dcm4chee-xds-infoset-v30\src\test\resources
2015-10-05 01:08:52,305 [Worker-15] INFO  o.e.m.c.i.l.LifecycleMappingFactory - Using org.eclipse.m2e.jdt.JarLifecycleMapping lifecycle mapping for MavenProject: dcm4che:dcm4chee-xds-infoset-v30:1.0.3 @ C:\home\dcm\repos\dcm4chee-xds-infoset\dcm4chee-xds-infoset-v30\pom.xml.
2015-10-05 01:08:52,334 [Worker-15] WARN  o.e.m.c.i.embedder.EclipseLogger - The POM for com.sun.xml.stream.buffer:streambuffer:jar:0.4 is invalid, transitive dependencies (if any) will not be available, enable debug logging for more details
2015-10-05 01:08:52,344 [Worker-15] WARN  o.e.m.c.i.embedder.EclipseLogger - The POM for org.jvnet.staxex:stax-ex:jar:1.0 is invalid, transitive dependencies (if any) will not be available, enable debug logging for more details
2015-10-05 01:08:52,401 [Worker-15] WARN  o.e.m.c.i.embedder.EclipseLogger - Using platform encoding (Cp1252 actually) to copy filtered resources, i.e. build is platform dependent!
2015-10-05 01:08:52,410 [Worker-15] INFO  o.e.m.c.i.embedder.EclipseLogger - Copying 0 resource
2015-10-05 01:08:52,419 [Worker-15] WARN  o.e.m.c.i.embedder.EclipseLogger - Using platform encoding (Cp1252 actually) to copy filtered resources, i.e. build is platform dependent!
2015-10-05 01:08:52,424 [Worker-15] INFO  o.e.m.c.i.embedder.EclipseLogger - skip non existing resourceDirectory C:\home\dcm\repos\dcm4chee-xds-infoset\dcm4chee-xds-infoset-v30\src\test\resources
2015-10-05 01:09:04,439 [Worker-8] INFO  o.e.m.c.i.p.ProjectConfigurationManager - Update started
2015-10-05 01:09:04,575 [Worker-8] INFO  o.e.m.c.i.l.LifecycleMappingFactory - Using org.eclipse.m2e.jdt.JarLifecycleMapping lifecycle mapping for MavenProject: dcm4che:dcm4chee-xds-infoset-v30:1.0.3 @ C:\home\dcm\repos\dcm4chee-xds-infoset\dcm4chee-xds-infoset-v30\pom.xml.
2015-10-05 01:09:04,608 [Worker-8] WARN  o.e.m.c.i.embedder.EclipseLogger - The POM for com.sun.xml.stream.buffer:streambuffer:jar:0.4 is invalid, transitive dependencies (if any) will not be available, enable debug logging for more details
2015-10-05 01:09:04,617 [Worker-8] WARN  o.e.m.c.i.embedder.EclipseLogger - The POM for org.jvnet.staxex:stax-ex:jar:1.0 is invalid, transitive dependencies (if any) will not be available, enable debug logging for more details
2015-10-05 01:09:04,687 [Worker-8] INFO  o.e.m.j.i.AbstractJavaProjectConfigurator - Adding source folder /dcm4chee-xds-infoset-v30/src/main/java
2015-10-05 01:09:04,687 [Worker-8] INFO  o.e.m.j.i.AbstractJavaProjectConfigurator - Adding resource folder /dcm4chee-xds-infoset-v30/src/main/resources
2015-10-05 01:09:04,692 [Worker-8] INFO  o.e.m.j.i.AbstractJavaProjectConfigurator - Adding source folder /dcm4chee-xds-infoset-v30/src/test/java
2015-10-05 01:09:05,309 [Worker-8] INFO  o.e.m.c.i.p.ProjectConfigurationManager - Update completed: 0 sec
2015-10-05 01:09:06,545 [Worker-0] INFO  o.e.m.c.i.l.LifecycleMappingFactory - Using org.eclipse.m2e.jdt.JarLifecycleMapping lifecycle mapping for MavenProject: dcm4che:dcm4chee-xds-infoset-v30:1.0.3 @ C:\home\dcm\repos\dcm4chee-xds-infoset\dcm4chee-xds-infoset-v30\pom.xml.
2015-10-05 01:09:06,605 [Worker-0] WARN  o.e.m.c.i.embedder.EclipseLogger - The POM for com.sun.xml.stream.buffer:streambuffer:jar:0.4 is invalid, transitive dependencies (if any) will not be available, enable debug logging for more details
2015-10-05 01:09:06,619 [Worker-0] WARN  o.e.m.c.i.embedder.EclipseLogger - The POM for org.jvnet.staxex:stax-ex:jar:1.0 is invalid, transitive dependencies (if any) will not be available, enable debug logging for more details
2015-10-05 01:09:06,789 [Worker-0] WARN  o.e.m.c.i.embedder.EclipseLogger - Using platform encoding (Cp1252 actually) to copy filtered resources, i.e. build is platform dependent!
2015-10-05 01:09:06,800 [Worker-0] INFO  o.e.m.c.i.embedder.EclipseLogger - Copying 7 resources
2015-10-05 01:09:06,844 [Worker-0] WARN  o.e.m.c.i.embedder.EclipseLogger - Using platform encoding (Cp1252 actually) to copy filtered resources, i.e. build is platform dependent!
2015-10-05 01:09:06,855 [Worker-0] INFO  o.e.m.c.i.embedder.EclipseLogger - skip non existing resourceDirectory C:\home\dcm\repos\dcm4chee-xds-infoset\dcm4chee-xds-infoset-v30\src\test\resources
2015-10-05 01:09:43,156 [Worker-9] WARN  o.e.m.c.i.embedder.EclipseLogger - Using platform encoding (Cp1252 actually) to copy filtered resources, i.e. build is platform dependent!
2015-10-05 01:09:43,168 [Worker-9] INFO  o.e.m.c.i.embedder.EclipseLogger - Copying 3 resources
2015-10-05 01:09:43,200 [Worker-9] WARN  o.e.m.c.i.embedder.EclipseLogger - File encoding has not been set, using platform encoding Cp1252, i.e. build is platform dependent!
2015-10-05 01:09:43,212 [Worker-9] WARN  o.e.m.c.i.embedder.EclipseLogger - Using platform encoding (Cp1252 actually) to copy filtered resources, i.e. build is platform dependent!
2015-10-05 01:09:43,217 [Worker-9] INFO  o.e.m.c.i.embedder.EclipseLogger - Copying 4 resources
2015-10-05 01:09:43,899 [Worker-9] WARN  o.e.m.c.i.embedder.EclipseLogger - Using platform encoding (Cp1252 actually) to copy filtered resources, i.e. build is platform dependent!
2015-10-05 01:09:43,906 [Worker-9] INFO  o.e.m.c.i.embedder.EclipseLogger - Copying 7 resources
2015-10-05 01:09:43,945 [Worker-9] WARN  o.e.m.c.i.embedder.EclipseLogger - Using platform encoding (Cp1252 actually) to copy filtered resources, i.e. build is platform dependent!
2015-10-05 01:09:43,951 [Worker-9] INFO  o.e.m.c.i.embedder.EclipseLogger - skip non existing resourceDirectory C:\home\dcm\repos\dcm4chee-xds-infoset\dcm4chee-xds-infoset-v30\src\test\resources
2015-10-05 01:10:17,493 [Worker-8] WARN  o.e.m.c.i.embedder.EclipseLogger - Using platform encoding (Cp1252 actually) to copy filtered resources, i.e. build is platform dependent!
2015-10-05 01:10:17,499 [Worker-8] INFO  o.e.m.c.i.embedder.EclipseLogger - Copying 0 resource
2015-10-05 01:10:17,501 [Worker-8] WARN  o.e.m.c.i.embedder.EclipseLogger - File encoding has not been set, using platform encoding Cp1252, i.e. build is platform dependent!
2015-10-05 01:10:17,507 [Worker-8] WARN  o.e.m.c.i.embedder.EclipseLogger - Using platform encoding (Cp1252 actually) to copy filtered resources, i.e. build is platform dependent!
2015-10-05 01:10:17,519 [Worker-8] INFO  o.e.m.c.i.embedder.EclipseLogger - Copying 0 resource
2015-10-05 01:10:17,538 [Worker-8] WARN  o.e.m.c.i.embedder.EclipseLogger - Using platform encoding (Cp1252 actually) to copy filtered resources, i.e. build is platform dependent!
2015-10-05 01:10:17,549 [Worker-8] INFO  o.e.m.c.i.embedder.EclipseLogger - Copying 0 resource
2015-10-05 01:10:17,550 [Worker-8] WARN  o.e.m.c.i.embedder.EclipseLogger - Using platform encoding (Cp1252 actually) to copy filtered resources, i.e. build is platform dependent!
2015-10-05 01:10:17,562 [Worker-8] INFO  o.e.m.c.i.embedder.EclipseLogger - skip non existing resourceDirectory C:\home\dcm\repos\dcm4chee-xds-infoset\dcm4chee-xds-infoset-v30\src\test\resources
2015-10-05 01:12:30,282 [Worker-4] WARN  o.e.m.c.i.embedder.EclipseLogger - Using platform encoding (Cp1252 actually) to copy filtered resources, i.e. build is platform dependent!
2015-10-05 01:12:30,298 [Worker-4] INFO  o.e.m.c.i.embedder.EclipseLogger - Copying 3 resources
2015-10-05 01:12:30,310 [Worker-4] WARN  o.e.m.c.i.embedder.EclipseLogger - File encoding has not been set, using platform encoding Cp1252, i.e. build is platform dependent!
2015-10-05 01:12:30,314 [Worker-4] WARN  o.e.m.c.i.embedder.EclipseLogger - Using platform encoding (Cp1252 actually) to copy filtered resources, i.e. build is platform dependent!
2015-10-05 01:12:30,319 [Worker-4] INFO  o.e.m.c.i.embedder.EclipseLogger - Copying 4 resources
2015-10-05 01:13:11,229 [Worker-2] WARN  o.e.m.c.i.embedder.EclipseLogger - Using platform encoding (Cp1252 actually) to copy filtered resources, i.e. build is platform dependent!
2015-10-05 01:13:11,237 [Worker-2] INFO  o.e.m.c.i.embedder.EclipseLogger - Copying 3 resources
2015-10-05 01:13:11,269 [Worker-2] WARN  o.e.m.c.i.embedder.EclipseLogger - File encoding has not been set, using platform encoding Cp1252, i.e. build is platform dependent!
2015-10-05 01:13:11,277 [Worker-2] WARN  o.e.m.c.i.embedder.EclipseLogger - Using platform encoding (Cp1252 actually) to copy filtered resources, i.e. build is platform dependent!
2015-10-05 01:13:11,284 [Worker-2] INFO  o.e.m.c.i.embedder.EclipseLogger - Copying 4 resources
2015-10-05 01:13:13,718 [Worker-2] WARN  o.e.m.c.i.embedder.EclipseLogger - The POM for com.sun.xml.stream.buffer:streambuffer:jar:0.4 is invalid, transitive dependencies (if any) will not be available, enable debug logging for more details
2015-10-05 01:13:13,733 [Worker-2] WARN  o.e.m.c.i.embedder.EclipseLogger - The POM for org.jvnet.staxex:stax-ex:jar:1.0 is invalid, transitive dependencies (if any) will not be available, enable debug logging for more details
2015-10-05 01:13:14,193 [Worker-2] WARN  o.e.m.c.i.embedder.EclipseLogger - Using platform encoding (Cp1252 actually) to copy filtered resources, i.e. build is platform dependent!
2015-10-05 01:13:14,201 [Worker-2] INFO  o.e.m.c.i.embedder.EclipseLogger - Copying 7 resources
2015-10-05 01:13:14,277 [Worker-2] WARN  o.e.m.c.i.embedder.EclipseLogger - Using platform encoding (Cp1252 actually) to copy filtered resources, i.e. build is platform dependent!
2015-10-05 01:13:14,283 [Worker-2] INFO  o.e.m.c.i.embedder.EclipseLogger - skip non existing resourceDirectory C:\home\dcm\repos\dcm4chee-xds-infoset\dcm4chee-xds-infoset-v30\src\test\resources
2015-10-05 01:13:56,449 [Worker-0] WARN  o.e.m.c.i.embedder.EclipseLogger - Using platform encoding (Cp1252 actually) to copy filtered resources, i.e. build is platform dependent!
2015-10-05 01:13:56,462 [Worker-0] INFO  o.e.m.c.i.embedder.EclipseLogger - Copying 3 resources
2015-10-05 01:13:56,466 [Worker-0] WARN  o.e.m.c.i.embedder.EclipseLogger - File encoding has not been set, using platform encoding Cp1252, i.e. build is platform dependent!
2015-10-05 01:13:56,472 [Worker-0] WARN  o.e.m.c.i.embedder.EclipseLogger - Using platform encoding (Cp1252 actually) to copy filtered resources, i.e. build is platform dependent!
2015-10-05 01:13:56,485 [Worker-0] INFO  o.e.m.c.i.embedder.EclipseLogger - Copying 0 resource
2015-10-05 01:14:25,922 [Worker-8] WARN  o.e.m.c.i.embedder.EclipseLogger - Failure to transfer org.apache.maven.plugins:maven-compiler-plugin/maven-metadata.xml from http://snapshots.repository.codehaus.org/ was cached in the local repository, resolution will not be reattempted until the update interval of codehause.maven.snapshots has elapsed or updates are forced. Original error: Could not transfer metadata org.apache.maven.plugins:maven-compiler-plugin/maven-metadata.xml from/to codehause.maven.snapshots (http://snapshots.repository.codehaus.org/): snapshots.repository.codehaus.org
2015-10-05 01:14:26,028 [Worker-8] INFO  o.e.m.c.i.l.LifecycleMappingFactory - Using NULL lifecycle mapping for MavenProject: dcm4che:dcm4chee-docstore:1.0.3 @ C:\home\dcm\repos\dcm4chee-docstore\pom.xml.
2015-10-05 01:14:26,432 [Worker-8] INFO  o.e.m.c.i.l.LifecycleMappingFactory - Using org.eclipse.m2e.jdt.JarLifecycleMapping lifecycle mapping for MavenProject: dcm4che:dcm4chee-docstore-store:1.0.3 @ C:\home\dcm\repos\dcm4chee-docstore\dcm4chee-docstore-store\pom.xml.
2015-10-05 01:14:27,261 [Worker-8] WARN  o.e.m.c.i.embedder.EclipseLogger - Using platform encoding (Cp1252 actually) to copy filtered resources, i.e. build is platform dependent!
2015-10-05 01:14:27,273 [Worker-8] INFO  o.e.m.c.i.embedder.EclipseLogger - Copying 3 resources
2015-10-05 01:14:27,295 [Worker-8] WARN  o.e.m.c.i.embedder.EclipseLogger - File encoding has not been set, using platform encoding Cp1252, i.e. build is platform dependent!
2015-10-05 01:14:27,302 [Worker-8] WARN  o.e.m.c.i.embedder.EclipseLogger - Using platform encoding (Cp1252 actually) to copy filtered resources, i.e. build is platform dependent!
2015-10-05 01:14:27,313 [Worker-8] INFO  o.e.m.c.i.embedder.EclipseLogger - Copying 4 resources
2015-10-05 01:15:07,011 [Worker-4] WARN  o.e.m.c.i.embedder.EclipseLogger - Using platform encoding (Cp1252 actually) to copy filtered resources, i.e. build is platform dependent!
2015-10-05 01:15:07,019 [Worker-4] INFO  o.e.m.c.i.embedder.EclipseLogger - Copying 3 resources
2015-10-05 01:15:07,022 [Worker-4] WARN  o.e.m.c.i.embedder.EclipseLogger - File encoding has not been set, using platform encoding Cp1252, i.e. build is platform dependent!
2015-10-05 01:15:07,035 [Worker-4] WARN  o.e.m.c.i.embedder.EclipseLogger - Using platform encoding (Cp1252 actually) to copy filtered resources, i.e. build is platform dependent!
2015-10-05 01:15:07,045 [Worker-4] INFO  o.e.m.c.i.embedder.EclipseLogger - Copying 0 resource
2015-10-05 01:15:12,553 [Worker-1] INFO  o.e.m.c.i.p.ProjectConfigurationManager - Update started
2015-10-05 01:15:12,764 [Worker-1] WARN  o.e.m.c.i.embedder.EclipseLogger - Failure to transfer org.apache.maven.plugins:maven-compiler-plugin/maven-metadata.xml from http://snapshots.repository.codehaus.org/ was cached in the local repository, resolution will not be reattempted until the update interval of codehause.maven.snapshots has elapsed or updates are forced. Original error: Could not transfer metadata org.apache.maven.plugins:maven-compiler-plugin/maven-metadata.xml from/to codehause.maven.snapshots (http://snapshots.repository.codehaus.org/): snapshots.repository.codehaus.org
2015-10-05 01:15:12,814 [Worker-1] INFO  o.e.m.c.i.l.LifecycleMappingFactory - Using NULL lifecycle mapping for MavenProject: dcm4che:dcm4chee-docstore:1.0.3 @ C:\home\dcm\repos\dcm4chee-docstore\pom.xml.
2015-10-05 01:15:12,906 [Worker-1] INFO  o.e.m.c.i.l.LifecycleMappingFactory - Using org.eclipse.m2e.jdt.JarLifecycleMapping lifecycle mapping for MavenProject: dcm4che:dcm4chee-docstore-store:1.0.3 @ C:\home\dcm\repos\dcm4chee-docstore\dcm4chee-docstore-store\pom.xml.
2015-10-05 01:15:13,070 [Worker-1] INFO  o.e.m.j.i.AbstractJavaProjectConfigurator - Adding source folder /dcm4chee-docstore-store/src/main/java
2015-10-05 01:15:13,071 [Worker-1] INFO  o.e.m.j.i.AbstractJavaProjectConfigurator - Adding resource folder /dcm4chee-docstore-store/src/main/resources
2015-10-05 01:15:13,076 [Worker-1] INFO  o.e.m.j.i.AbstractJavaProjectConfigurator - Adding source folder /dcm4chee-docstore-store/src/test/java
2015-10-05 01:15:13,076 [Worker-1] INFO  o.e.m.j.i.AbstractJavaProjectConfigurator - Adding resource folder /dcm4chee-docstore-store/src/test/resources
2015-10-05 01:15:13,480 [Worker-1] INFO  o.e.m.c.i.p.ProjectConfigurationManager - Update completed: 0 sec
2015-10-05 01:15:14,116 [Worker-5] WARN  o.e.m.c.i.embedder.EclipseLogger - Using platform encoding (Cp1252 actually) to copy filtered resources, i.e. build is platform dependent!
2015-10-05 01:15:14,126 [Worker-5] INFO  o.e.m.c.i.embedder.EclipseLogger - Copying 3 resources
2015-10-05 01:15:14,155 [Worker-5] WARN  o.e.m.c.i.embedder.EclipseLogger - File encoding has not been set, using platform encoding Cp1252, i.e. build is platform dependent!
2015-10-05 01:15:14,167 [Worker-5] WARN  o.e.m.c.i.embedder.EclipseLogger - Using platform encoding (Cp1252 actually) to copy filtered resources, i.e. build is platform dependent!
2015-10-05 01:15:14,174 [Worker-5] INFO  o.e.m.c.i.embedder.EclipseLogger - Copying 4 resources
2015-10-05 01:16:23,530 [Worker-3] WARN  o.e.m.c.i.embedder.EclipseLogger - Using platform encoding (Cp1252 actually) to copy filtered resources, i.e. build is platform dependent!
2015-10-05 01:16:23,544 [Worker-3] INFO  o.e.m.c.i.embedder.EclipseLogger - Copying 3 resources
2015-10-05 01:16:23,547 [Worker-3] WARN  o.e.m.c.i.embedder.EclipseLogger - File encoding has not been set, using platform encoding Cp1252, i.e. build is platform dependent!
2015-10-05 01:16:23,559 [Worker-3] WARN  o.e.m.c.i.embedder.EclipseLogger - Using platform encoding (Cp1252 actually) to copy filtered resources, i.e. build is platform dependent!
2015-10-05 01:16:23,567 [Worker-3] INFO  o.e.m.c.i.embedder.EclipseLogger - Copying 0 resource
2015-10-05 01:16:33,667 [Worker-1] INFO  o.e.m.c.i.l.LifecycleMappingFactory - Using org.eclipse.m2e.jdt.JarLifecycleMapping lifecycle mapping for MavenProject: dcm4che:dcm4chee-docstore-store:1.0.3 @ C:\home\dcm\repos\dcm4chee-docstore\dcm4chee-docstore-store\pom.xml.
2015-10-05 01:16:34,179 [Worker-2] WARN  o.e.m.c.i.embedder.EclipseLogger - Using platform encoding (Cp1252 actually) to copy filtered resources, i.e. build is platform dependent!
2015-10-05 01:16:34,187 [Worker-2] INFO  o.e.m.c.i.embedder.EclipseLogger - Copying 0 resource
2015-10-05 01:16:34,199 [Worker-2] WARN  o.e.m.c.i.embedder.EclipseLogger - File encoding has not been set, using platform encoding Cp1252, i.e. build is platform dependent!
2015-10-05 01:16:34,204 [Worker-2] WARN  o.e.m.c.i.embedder.EclipseLogger - Using platform encoding (Cp1252 actually) to copy filtered resources, i.e. build is platform dependent!
2015-10-05 01:16:34,219 [Worker-2] INFO  o.e.m.c.i.embedder.EclipseLogger - Copying 0 resource
2015-10-05 01:20:55,594 [Worker-6] WARN  o.e.m.c.i.embedder.EclipseLogger - Failure to transfer org.apache.maven.plugins:maven-compiler-plugin/maven-metadata.xml from http://snapshots.repository.codehaus.org/ was cached in the local repository, resolution will not be reattempted until the update interval of codehause.maven.snapshots has elapsed or updates are forced. Original error: Could not transfer metadata org.apache.maven.plugins:maven-compiler-plugin/maven-metadata.xml from/to codehause.maven.snapshots (http://snapshots.repository.codehaus.org/): snapshots.repository.codehaus.org
2015-10-05 01:20:55,629 [Worker-6] INFO  o.e.m.c.i.l.LifecycleMappingFactory - Using NULL lifecycle mapping for MavenProject: dcm4che:dcm4chee-docstore:1.0.3 @ C:\home\dcm\repos\dcm4chee-docstore\pom.xml.
2015-10-05 01:20:55,723 [Worker-6] INFO  o.e.m.c.i.l.LifecycleMappingFactory - Using org.eclipse.m2e.jdt.JarLifecycleMapping lifecycle mapping for MavenProject: dcm4che:dcm4chee-docstore-store:1.0.3 @ C:\home\dcm\repos\dcm4chee-docstore\dcm4chee-docstore-store\pom.xml.
2015-10-05 01:20:56,040 [Worker-6] WARN  o.e.m.c.i.embedder.EclipseLogger - Using platform encoding (Cp1252 actually) to copy filtered resources, i.e. build is platform dependent!
2015-10-05 01:20:56,047 [Worker-6] INFO  o.e.m.c.i.embedder.EclipseLogger - Copying 0 resource
2015-10-05 01:20:56,054 [Worker-6] WARN  o.e.m.c.i.embedder.EclipseLogger - File encoding has not been set, using platform encoding Cp1252, i.e. build is platform dependent!
2015-10-05 01:20:56,061 [Worker-6] WARN  o.e.m.c.i.embedder.EclipseLogger - Using platform encoding (Cp1252 actually) to copy filtered resources, i.e. build is platform dependent!
2015-10-05 01:20:56,067 [Worker-6] INFO  o.e.m.c.i.embedder.EclipseLogger - Copying 0 resource
2015-10-05 01:20:56,440 [Worker-10] WARN  o.e.m.c.i.embedder.EclipseLogger - Failure to transfer org.apache.maven.plugins:maven-compiler-plugin/maven-metadata.xml from http://snapshots.repository.codehaus.org/ was cached in the local repository, resolution will not be reattempted until the update interval of codehause.maven.snapshots has elapsed or updates are forced. Original error: Could not transfer metadata org.apache.maven.plugins:maven-compiler-plugin/maven-metadata.xml from/to codehause.maven.snapshots (http://snapshots.repository.codehaus.org/): snapshots.repository.codehaus.org
2015-10-05 01:20:56,500 [Worker-10] INFO  o.e.m.c.i.l.LifecycleMappingFactory - Using NULL lifecycle mapping for MavenProject: dcm4che:dcm4chee-docstore:1.0.3 @ C:\home\dcm\repos\dcm4chee-docstore\pom.xml.
2015-10-05 01:20:56,603 [Worker-10] INFO  o.e.m.c.i.l.LifecycleMappingFactory - Using org.eclipse.m2e.jdt.JarLifecycleMapping lifecycle mapping for MavenProject: dcm4che:dcm4chee-docstore-store:1.0.3 @ C:\home\dcm\repos\dcm4chee-docstore\dcm4chee-docstore-store\pom.xml.
2015-10-05 01:20:57,209 [Worker-11] WARN  o.e.m.c.i.embedder.EclipseLogger - Using platform encoding (Cp1252 actually) to copy filtered resources, i.e. build is platform dependent!
2015-10-05 01:20:57,214 [Worker-11] INFO  o.e.m.c.i.embedder.EclipseLogger - Copying 0 resource
2015-10-05 01:20:57,221 [Worker-11] WARN  o.e.m.c.i.embedder.EclipseLogger - File encoding has not been set, using platform encoding Cp1252, i.e. build is platform dependent!
2015-10-05 01:20:57,227 [Worker-11] WARN  o.e.m.c.i.embedder.EclipseLogger - Using platform encoding (Cp1252 actually) to copy filtered resources, i.e. build is platform dependent!
2015-10-05 01:20:57,232 [Worker-11] INFO  o.e.m.c.i.embedder.EclipseLogger - Copying 0 resource
2015-10-05 01:21:28,039 [Worker-6] INFO  o.e.m.c.i.p.ProjectConfigurationManager - Update started
2015-10-05 01:21:28,241 [Worker-6] WARN  o.e.m.c.i.embedder.EclipseLogger - Failure to transfer org.apache.maven.plugins:maven-compiler-plugin/maven-metadata.xml from http://snapshots.repository.codehaus.org/ was cached in the local repository, resolution will not be reattempted until the update interval of codehause.maven.snapshots has elapsed or updates are forced. Original error: Could not transfer metadata org.apache.maven.plugins:maven-compiler-plugin/maven-metadata.xml from/to codehause.maven.snapshots (http://snapshots.repository.codehaus.org/): snapshots.repository.codehaus.org
2015-10-05 01:21:28,280 [Worker-6] INFO  o.e.m.c.i.l.LifecycleMappingFactory - Using NULL lifecycle mapping for MavenProject: dcm4che:dcm4chee-docstore:1.0.3 @ C:\home\dcm\repos\dcm4chee-docstore\pom.xml.
2015-10-05 01:21:28,370 [Worker-6] INFO  o.e.m.c.i.l.LifecycleMappingFactory - Using org.eclipse.m2e.jdt.JarLifecycleMapping lifecycle mapping for MavenProject: dcm4che:dcm4chee-docstore-store:1.0.3 @ C:\home\dcm\repos\dcm4chee-docstore\dcm4chee-docstore-store\pom.xml.
2015-10-05 01:21:28,522 [Worker-6] INFO  o.e.m.j.i.AbstractJavaProjectConfigurator - Adding source folder /dcm4chee-docstore-store/src/main/java
2015-10-05 01:21:28,528 [Worker-6] INFO  o.e.m.j.i.AbstractJavaProjectConfigurator - Adding resource folder /dcm4chee-docstore-store/src/main/resources
2015-10-05 01:21:28,529 [Worker-6] INFO  o.e.m.j.i.AbstractJavaProjectConfigurator - Adding source folder /dcm4chee-docstore-store/src/test/java
2015-10-05 01:21:28,536 [Worker-6] INFO  o.e.m.j.i.AbstractJavaProjectConfigurator - Adding resource folder /dcm4chee-docstore-store/src/test/resources
2015-10-05 01:21:28,821 [Worker-6] INFO  o.e.m.c.i.p.ProjectConfigurationManager - Update completed: 0 sec
2015-10-05 01:21:29,549 [Worker-12] WARN  o.e.m.c.i.embedder.EclipseLogger - Using platform encoding (Cp1252 actually) to copy filtered resources, i.e. build is platform dependent!
2015-10-05 01:21:29,576 [Worker-12] INFO  o.e.m.c.i.embedder.EclipseLogger - Copying 3 resources
2015-10-05 01:21:29,598 [Worker-12] WARN  o.e.m.c.i.embedder.EclipseLogger - File encoding has not been set, using platform encoding Cp1252, i.e. build is platform dependent!
2015-10-05 01:21:29,605 [Worker-12] WARN  o.e.m.c.i.embedder.EclipseLogger - Using platform encoding (Cp1252 actually) to copy filtered resources, i.e. build is platform dependent!
2015-10-05 01:21:29,616 [Worker-12] INFO  o.e.m.c.i.embedder.EclipseLogger - Copying 4 resources
2015-10-05 01:24:35,484 [ModalContext] WARN  o.e.m.i.discovery.MavenDiscovery - CatalogItem org.eclipse.m2e.discovery.lifecyclemapping.m2e-egit does not contain lifecycle mapping metadata
2015-10-05 01:24:35,491 [ModalContext] WARN  o.e.m.i.discovery.MavenDiscovery - CatalogItem org.eclipse.m2e.discovery.lifecyclemapping.m2e-subversive does not contain lifecycle mapping metadata
2015-10-05 01:24:35,497 [ModalContext] WARN  o.e.m.i.discovery.MavenDiscovery - CatalogItem org.eclipse.m2e.discovery.lifecyclemapping.m2e-subclipse does not contain lifecycle mapping metadata
2015-10-05 01:25:06,548 [Worker-12] INFO  o.e.m.c.i.l.LifecycleMappingFactory - Using org.eclipse.m2e.jdt.JarLifecycleMapping lifecycle mapping for MavenProject: dcm4che:dcm4chee-docstore-store:1.0.3 @ C:\home\dcm\repos\dcm4chee-docstore\dcm4chee-docstore-store\pom.xml.
2015-10-05 01:25:06,746 [Worker-12] INFO  o.e.m.j.i.AbstractJavaProjectConfigurator - Adding source folder /dcm4chee-docstore-store/src/main/java
2015-10-05 01:25:06,751 [Worker-12] INFO  o.e.m.j.i.AbstractJavaProjectConfigurator - Adding resource folder /dcm4chee-docstore-store/src/main/resources
2015-10-05 01:25:06,757 [Worker-12] INFO  o.e.m.j.i.AbstractJavaProjectConfigurator - Adding source folder /dcm4chee-docstore-store/src/test/java
2015-10-05 01:25:06,762 [Worker-12] INFO  o.e.m.j.i.AbstractJavaProjectConfigurator - Adding resource folder /dcm4chee-docstore-store/src/test/resources
2015-10-05 01:25:06,886 [Worker-12] INFO  o.e.m.c.i.p.ProjectConfigurationManager - Project import completed 0 sec
2015-10-05 01:25:06,966 [Worker-0] INFO  o.e.m.c.i.p.ProjectConfigurationManager - Update started
2015-10-05 01:25:06,966 [Worker-0] INFO  o.e.m.c.i.p.ProjectConfigurationManager - Update completed: 0 sec
2015-10-05 01:25:07,459 [Worker-12] INFO  o.e.m.c.i.l.LifecycleMappingFactory - Using org.eclipse.m2e.jdt.JarLifecycleMapping lifecycle mapping for MavenProject: dcm4che:dcm4chee-docstore-store:1.0.3 @ C:\home\dcm\repos\dcm4chee-docstore\dcm4chee-docstore-store\pom.xml.
2015-10-05 01:25:09,483 [Worker-11] WARN  o.e.m.c.i.embedder.EclipseLogger - Using platform encoding (Cp1252 actually) to copy filtered resources, i.e. build is platform dependent!
2015-10-05 01:25:09,488 [Worker-11] INFO  o.e.m.c.i.embedder.EclipseLogger - Copying 3 resources
2015-10-05 01:25:09,509 [Worker-11] WARN  o.e.m.c.i.embedder.EclipseLogger - File encoding has not been set, using platform encoding Cp1252, i.e. build is platform dependent!
2015-10-05 01:25:09,519 [Worker-11] WARN  o.e.m.c.i.embedder.EclipseLogger - Using platform encoding (Cp1252 actually) to copy filtered resources, i.e. build is platform dependent!
2015-10-05 01:25:09,531 [Worker-11] INFO  o.e.m.c.i.embedder.EclipseLogger - Copying 4 resources
2015-10-05 01:25:10,667 [Worker-14] WARN  o.e.m.c.i.embedder.EclipseLogger - Using platform encoding (Cp1252 actually) to copy filtered resources, i.e. build is platform dependent!
2015-10-05 01:25:10,672 [Worker-14] INFO  o.e.m.c.i.embedder.EclipseLogger - Copying 0 resource
2015-10-05 01:25:10,679 [Worker-14] WARN  o.e.m.c.i.embedder.EclipseLogger - File encoding has not been set, using platform encoding Cp1252, i.e. build is platform dependent!
2015-10-05 01:25:10,690 [Worker-14] WARN  o.e.m.c.i.embedder.EclipseLogger - Using platform encoding (Cp1252 actually) to copy filtered resources, i.e. build is platform dependent!
2015-10-05 01:25:10,702 [Worker-14] INFO  o.e.m.c.i.embedder.EclipseLogger - Copying 0 resource
2015-10-05 08:40:13,550 [Worker-1] WARN  o.e.m.c.i.embedder.EclipseLogger - Using platform encoding (Cp1252 actually) to copy filtered resources, i.e. build is platform dependent!
2015-10-05 08:40:13,581 [Worker-1] INFO  o.e.m.c.i.embedder.EclipseLogger - Copying 3 resources
2015-10-05 08:40:13,617 [Worker-1] WARN  o.e.m.c.i.embedder.EclipseLogger - File encoding has not been set, using platform encoding Cp1252, i.e. build is platform dependent!
2015-10-05 08:40:13,624 [Worker-1] WARN  o.e.m.c.i.embedder.EclipseLogger - Using platform encoding (Cp1252 actually) to copy filtered resources, i.e. build is platform dependent!
2015-10-05 08:40:13,658 [Worker-1] INFO  o.e.m.c.i.embedder.EclipseLogger - Copying 4 resources
2015-10-05 08:40:14,347 [Worker-1] WARN  o.e.m.c.i.embedder.EclipseLogger - The POM for com.sun.xml.stream.buffer:streambuffer:jar:0.4 is invalid, transitive dependencies (if any) will not be available, enable debug logging for more details
2015-10-05 08:40:14,506 [Worker-1] WARN  o.e.m.c.i.embedder.EclipseLogger - The POM for org.jvnet.staxex:stax-ex:jar:1.0 is invalid, transitive dependencies (if any) will not be available, enable debug logging for more details
2015-10-05 08:40:15,299 [Worker-1] WARN  o.e.m.c.i.embedder.EclipseLogger - Using platform encoding (Cp1252 actually) to copy filtered resources, i.e. build is platform dependent!
2015-10-05 08:40:15,332 [Worker-1] INFO  o.e.m.c.i.embedder.EclipseLogger - Copying 7 resources
2015-10-05 08:40:15,372 [Worker-1] WARN  o.e.m.c.i.embedder.EclipseLogger - Using platform encoding (Cp1252 actually) to copy filtered resources, i.e. build is platform dependent!
2015-10-05 08:40:15,416 [Worker-1] INFO  o.e.m.c.i.embedder.EclipseLogger - skip non existing resourceDirectory C:\home\dcm\repos\dcm4chee-xds-infoset\dcm4chee-xds-infoset-v30\src\test\resources
2015-10-05 11:35:33,100 [Worker-1] WARN  o.e.m.c.i.embedder.EclipseLogger - Using platform encoding (Cp1252 actually) to copy filtered resources, i.e. build is platform dependent!
2015-10-05 11:35:33,217 [Worker-1] INFO  o.e.m.c.i.embedder.EclipseLogger - Copying 3 resources
2015-10-05 11:35:33,339 [Worker-1] WARN  o.e.m.c.i.embedder.EclipseLogger - File encoding has not been set, using platform encoding Cp1252, i.e. build is platform dependent!
2015-10-05 11:35:33,343 [Worker-1] WARN  o.e.m.c.i.embedder.EclipseLogger - Using platform encoding (Cp1252 actually) to copy filtered resources, i.e. build is platform dependent!
2015-10-05 11:35:33,351 [Worker-1] INFO  o.e.m.c.i.embedder.EclipseLogger - Copying 4 resources
2015-10-05 11:35:42,515 [Worker-1] WARN  o.e.m.c.i.embedder.EclipseLogger - The POM for com.sun.xml.stream.buffer:streambuffer:jar:0.4 is invalid, transitive dependencies (if any) will not be available, enable debug logging for more details
2015-10-05 11:35:42,596 [Worker-1] WARN  o.e.m.c.i.embedder.EclipseLogger - The POM for org.jvnet.staxex:stax-ex:jar:1.0 is invalid, transitive dependencies (if any) will not be available, enable debug logging for more details
2015-10-05 11:35:43,302 [Worker-1] WARN  o.e.m.c.i.embedder.EclipseLogger - Using platform encoding (Cp1252 actually) to copy filtered resources, i.e. build is platform dependent!
2015-10-05 11:35:43,366 [Worker-1] INFO  o.e.m.c.i.embedder.EclipseLogger - Copying 7 resources
2015-10-05 11:35:43,720 [Worker-1] WARN  o.e.m.c.i.embedder.EclipseLogger - Using platform encoding (Cp1252 actually) to copy filtered resources, i.e. build is platform dependent!
2015-10-05 11:35:43,724 [Worker-1] INFO  o.e.m.c.i.embedder.EclipseLogger - skip non existing resourceDirectory C:\home\dcm\repos\dcm4chee-xds-infoset\dcm4chee-xds-infoset-v30\src\test\resources
2015-10-05 11:38:43,180 [Worker-6] WARN  o.e.m.c.i.embedder.EclipseLogger - Using platform encoding (Cp1252 actually) to copy filtered resources, i.e. build is platform dependent!
2015-10-05 11:38:43,199 [Worker-6] INFO  o.e.m.c.i.embedder.EclipseLogger - Copying 3 resources
2015-10-05 11:38:43,219 [Worker-6] WARN  o.e.m.c.i.embedder.EclipseLogger - File encoding has not been set, using platform encoding Cp1252, i.e. build is platform dependent!
2015-10-05 11:38:43,224 [Worker-6] WARN  o.e.m.c.i.embedder.EclipseLogger - Using platform encoding (Cp1252 actually) to copy filtered resources, i.e. build is platform dependent!
2015-10-05 11:38:43,229 [Worker-6] INFO  o.e.m.c.i.embedder.EclipseLogger - Copying 4 resources
2015-10-05 11:38:44,118 [Worker-6] WARN  o.e.m.c.i.embedder.EclipseLogger - Using platform encoding (Cp1252 actually) to copy filtered resources, i.e. build is platform dependent!
2015-10-05 11:38:44,130 [Worker-6] INFO  o.e.m.c.i.embedder.EclipseLogger - Copying 7 resources
2015-10-05 11:38:44,172 [Worker-6] WARN  o.e.m.c.i.embedder.EclipseLogger - Using platform encoding (Cp1252 actually) to copy filtered resources, i.e. build is platform dependent!
2015-10-05 11:38:44,177 [Worker-6] INFO  o.e.m.c.i.embedder.EclipseLogger - skip non existing resourceDirectory C:\home\dcm\repos\dcm4chee-xds-infoset\dcm4chee-xds-infoset-v30\src\test\resources
2015-10-05 11:59:00,993 [Worker-6] WARN  o.e.m.c.i.embedder.EclipseLogger - The POM for com.sun.xml.stream.buffer:streambuffer:jar:0.4 is invalid, transitive dependencies (if any) will not be available, enable debug logging for more details
2015-10-05 11:59:01,010 [Worker-6] WARN  o.e.m.c.i.embedder.EclipseLogger - The POM for org.jvnet.staxex:stax-ex:jar:1.0 is invalid, transitive dependencies (if any) will not be available, enable debug logging for more details
2015-10-05 11:59:07,454 [Worker-9] WARN  o.e.m.c.i.embedder.EclipseLogger - Using platform encoding (Cp1252 actually) to copy filtered resources, i.e. build is platform dependent!
2015-10-05 11:59:07,464 [Worker-9] INFO  o.e.m.c.i.embedder.EclipseLogger - Copying 3 resources
2015-10-05 11:59:07,498 [Worker-9] WARN  o.e.m.c.i.embedder.EclipseLogger - File encoding has not been set, using platform encoding Cp1252, i.e. build is platform dependent!
2015-10-05 11:59:07,502 [Worker-9] WARN  o.e.m.c.i.embedder.EclipseLogger - Using platform encoding (Cp1252 actually) to copy filtered resources, i.e. build is platform dependent!
2015-10-05 11:59:07,507 [Worker-9] INFO  o.e.m.c.i.embedder.EclipseLogger - Copying 4 resources
2015-10-05 11:59:08,653 [Worker-9] WARN  o.e.m.c.i.embedder.EclipseLogger - Using platform encoding (Cp1252 actually) to copy filtered resources, i.e. build is platform dependent!
2015-10-05 11:59:08,659 [Worker-9] INFO  o.e.m.c.i.embedder.EclipseLogger - Copying 7 resources
2015-10-05 11:59:08,705 [Worker-9] WARN  o.e.m.c.i.embedder.EclipseLogger - Using platform encoding (Cp1252 actually) to copy filtered resources, i.e. build is platform dependent!
2015-10-05 11:59:08,709 [Worker-9] INFO  o.e.m.c.i.embedder.EclipseLogger - skip non existing resourceDirectory C:\home\dcm\repos\dcm4chee-xds-infoset\dcm4chee-xds-infoset-v30\src\test\resources
2015-10-05 12:03:30,925 [Worker-14] WARN  o.e.m.c.i.embedder.EclipseLogger - Using platform encoding (Cp1252 actually) to copy filtered resources, i.e. build is platform dependent!
2015-10-05 12:03:30,931 [Worker-14] INFO  o.e.m.c.i.embedder.EclipseLogger - Copying 3 resources
2015-10-05 12:03:30,951 [Worker-14] WARN  o.e.m.c.i.embedder.EclipseLogger - File encoding has not been set, using platform encoding Cp1252, i.e. build is platform dependent!
2015-10-05 12:03:30,956 [Worker-14] WARN  o.e.m.c.i.embedder.EclipseLogger - Using platform encoding (Cp1252 actually) to copy filtered resources, i.e. build is platform dependent!
2015-10-05 12:03:30,961 [Worker-14] INFO  o.e.m.c.i.embedder.EclipseLogger - Copying 4 resources
2015-10-05 12:03:31,622 [Worker-14] WARN  o.e.m.c.i.embedder.EclipseLogger - Using platform encoding (Cp1252 actually) to copy filtered resources, i.e. build is platform dependent!
2015-10-05 12:03:31,627 [Worker-14] INFO  o.e.m.c.i.embedder.EclipseLogger - Copying 7 resources
2015-10-05 12:03:31,666 [Worker-14] WARN  o.e.m.c.i.embedder.EclipseLogger - Using platform encoding (Cp1252 actually) to copy filtered resources, i.e. build is platform dependent!
2015-10-05 12:03:31,671 [Worker-14] INFO  o.e.m.c.i.embedder.EclipseLogger - skip non existing resourceDirectory C:\home\dcm\repos\dcm4chee-xds-infoset\dcm4chee-xds-infoset-v30\src\test\resources
2015-10-05 12:38:49,225 [Worker-26] WARN  o.e.m.c.i.embedder.EclipseLogger - Using platform encoding (Cp1252 actually) to copy filtered resources, i.e. build is platform dependent!
2015-10-05 12:38:49,237 [Worker-26] INFO  o.e.m.c.i.embedder.EclipseLogger - Copying 3 resources
2015-10-05 12:38:49,255 [Worker-26] WARN  o.e.m.c.i.embedder.EclipseLogger - File encoding has not been set, using platform encoding Cp1252, i.e. build is platform dependent!
2015-10-05 12:38:49,261 [Worker-26] WARN  o.e.m.c.i.embedder.EclipseLogger - Using platform encoding (Cp1252 actually) to copy filtered resources, i.e. build is platform dependent!
2015-10-05 12:38:49,316 [Worker-26] INFO  o.e.m.c.i.embedder.EclipseLogger - Copying 4 resources
2015-10-05 12:38:50,002 [Worker-26] WARN  o.e.m.c.i.embedder.EclipseLogger - Using platform encoding (Cp1252 actually) to copy filtered resources, i.e. build is platform dependent!
2015-10-05 12:38:50,011 [Worker-26] INFO  o.e.m.c.i.embedder.EclipseLogger - Copying 7 resources
2015-10-05 12:38:50,050 [Worker-26] WARN  o.e.m.c.i.embedder.EclipseLogger - Using platform encoding (Cp1252 actually) to copy filtered resources, i.e. build is platform dependent!
2015-10-05 12:38:50,059 [Worker-26] INFO  o.e.m.c.i.embedder.EclipseLogger - skip non existing resourceDirectory C:\home\dcm\repos\dcm4chee-xds-infoset\dcm4chee-xds-infoset-v30\src\test\resources
2015-11-24 00:36:00,375 [Worker-5] WARN  o.e.m.c.i.embedder.EclipseLogger - The POM for com.sun.xml.stream.buffer:streambuffer:jar:0.4 is invalid, transitive dependencies (if any) will not be available, enable debug logging for more details
2015-11-24 00:36:01,519 [Worker-5] WARN  o.e.m.c.i.embedder.EclipseLogger - The POM for org.jvnet.staxex:stax-ex:jar:1.0 is invalid, transitive dependencies (if any) will not be available, enable debug logging for more details
2015-11-24 00:36:10,228 [Worker-5] WARN  o.e.m.c.i.embedder.EclipseLogger - Using platform encoding (Cp1252 actually) to copy filtered resources, i.e. build is platform dependent!
2015-11-24 00:36:10,240 [Worker-5] INFO  o.e.m.c.i.embedder.EclipseLogger - Copying 7 resources
2015-11-24 00:36:10,304 [Worker-5] WARN  o.e.m.c.i.embedder.EclipseLogger - Using platform encoding (Cp1252 actually) to copy filtered resources, i.e. build is platform dependent!
2015-11-24 00:36:10,312 [Worker-5] INFO  o.e.m.c.i.embedder.EclipseLogger - skip non existing resourceDirectory C:\home\dcm\repos\dcm4chee-xds-infoset\dcm4chee-xds-infoset-v30\src\test\resources
2015-11-30 16:43:55,662 [Worker-9] WARN  o.e.m.c.i.embedder.EclipseLogger - The POM for com.sun.xml.stream.buffer:streambuffer:jar:0.4 is invalid, transitive dependencies (if any) will not be available, enable debug logging for more details
2015-11-30 16:43:55,795 [Worker-9] WARN  o.e.m.c.i.embedder.EclipseLogger - The POM for org.jvnet.staxex:stax-ex:jar:1.0 is invalid, transitive dependencies (if any) will not be available, enable debug logging for more details
2015-11-30 16:43:59,806 [Worker-9] WARN  o.e.m.c.i.embedder.EclipseLogger - Using platform encoding (Cp1252 actually) to copy filtered resources, i.e. build is platform dependent!
2015-11-30 16:43:59,816 [Worker-9] INFO  o.e.m.c.i.embedder.EclipseLogger - Copying 7 resources
2015-11-30 16:43:59,925 [Worker-9] WARN  o.e.m.c.i.embedder.EclipseLogger - Using platform encoding (Cp1252 actually) to copy filtered resources, i.e. build is platform dependent!
2015-11-30 16:43:59,930 [Worker-9] INFO  o.e.m.c.i.embedder.EclipseLogger - skip non existing resourceDirectory C:\home\dcm\repos\dcm4chee-xds-infoset\dcm4chee-xds-infoset-v30\src\test\resources
2015-12-01 23:27:51,265 [Worker-1] WARN  o.e.m.c.i.embedder.EclipseLogger - The POM for com.sun.xml.stream.buffer:streambuffer:jar:0.4 is invalid, transitive dependencies (if any) will not be available, enable debug logging for more details
2015-12-01 23:27:51,441 [Worker-1] WARN  o.e.m.c.i.embedder.EclipseLogger - The POM for org.jvnet.staxex:stax-ex:jar:1.0 is invalid, transitive dependencies (if any) will not be available, enable debug logging for more details
2015-12-01 23:28:00,819 [Worker-1] WARN  o.e.m.c.i.embedder.EclipseLogger - Using platform encoding (Cp1252 actually) to copy filtered resources, i.e. build is platform dependent!
2015-12-01 23:28:00,830 [Worker-1] INFO  o.e.m.c.i.embedder.EclipseLogger - Copying 7 resources
2015-12-01 23:28:01,234 [Worker-1] WARN  o.e.m.c.i.embedder.EclipseLogger - Using platform encoding (Cp1252 actually) to copy filtered resources, i.e. build is platform dependent!
2015-12-01 23:28:01,242 [Worker-1] INFO  o.e.m.c.i.embedder.EclipseLogger - skip non existing resourceDirectory C:\home\dcm\repos\dcm4chee-xds-infoset\dcm4chee-xds-infoset-v30\src\test\resources
2015-12-03 16:07:12,403 [Worker-8] WARN  o.e.m.c.i.embedder.EclipseLogger - Using platform encoding (Cp1252 actually) to copy filtered resources, i.e. build is platform dependent!
2015-12-03 16:07:12,450 [Worker-8] INFO  o.e.m.c.i.embedder.EclipseLogger - Copying 3 resources
2015-12-03 16:07:12,482 [Worker-8] WARN  o.e.m.c.i.embedder.EclipseLogger - File encoding has not been set, using platform encoding Cp1252, i.e. build is platform dependent!
2015-12-03 16:07:12,482 [Worker-8] WARN  o.e.m.c.i.embedder.EclipseLogger - Using platform encoding (Cp1252 actually) to copy filtered resources, i.e. build is platform dependent!
2015-12-03 16:07:12,482 [Worker-8] INFO  o.e.m.c.i.embedder.EclipseLogger - Copying 4 resources
2015-12-03 16:07:13,013 [Worker-8] WARN  o.e.m.c.i.embedder.EclipseLogger - The POM for com.sun.xml.stream.buffer:streambuffer:jar:0.4 is invalid, transitive dependencies (if any) will not be available, enable debug logging for more details
2015-12-03 16:07:13,107 [Worker-8] WARN  o.e.m.c.i.embedder.EclipseLogger - The POM for org.jvnet.staxex:stax-ex:jar:1.0 is invalid, transitive dependencies (if any) will not be available, enable debug logging for more details
2015-12-03 16:07:13,607 [Worker-8] WARN  o.e.m.c.i.embedder.EclipseLogger - Using platform encoding (Cp1252 actually) to copy filtered resources, i.e. build is platform dependent!
2015-12-03 16:07:13,685 [Worker-8] INFO  o.e.m.c.i.embedder.EclipseLogger - Copying 7 resources
2015-12-03 16:07:13,747 [Worker-8] WARN  o.e.m.c.i.embedder.EclipseLogger - Using platform encoding (Cp1252 actually) to copy filtered resources, i.e. build is platform dependent!
2015-12-03 16:07:13,747 [Worker-8] INFO  o.e.m.c.i.embedder.EclipseLogger - skip non existing resourceDirectory C:\home\dcm\repos\dcm4chee-xds-infoset\dcm4chee-xds-infoset-v30\src\test\resources
2015-12-03 17:38:58,067 [Worker-4] WARN  o.e.m.c.i.embedder.EclipseLogger - Using platform encoding (Cp1252 actually) to copy filtered resources, i.e. build is platform dependent!
2015-12-03 17:38:58,139 [Worker-4] INFO  o.e.m.c.i.embedder.EclipseLogger - Copying 3 resources
2015-12-03 17:38:58,179 [Worker-4] WARN  o.e.m.c.i.embedder.EclipseLogger - File encoding has not been set, using platform encoding Cp1252, i.e. build is platform dependent!
2015-12-03 17:38:58,187 [Worker-4] WARN  o.e.m.c.i.embedder.EclipseLogger - Using platform encoding (Cp1252 actually) to copy filtered resources, i.e. build is platform dependent!
2015-12-03 17:38:58,195 [Worker-4] INFO  o.e.m.c.i.embedder.EclipseLogger - Copying 4 resources
2015-12-03 17:38:58,676 [Worker-4] WARN  o.e.m.c.i.embedder.EclipseLogger - The POM for com.sun.xml.stream.buffer:streambuffer:jar:0.4 is invalid, transitive dependencies (if any) will not be available, enable debug logging for more details
2015-12-03 17:38:58,752 [Worker-4] WARN  o.e.m.c.i.embedder.EclipseLogger - The POM for org.jvnet.staxex:stax-ex:jar:1.0 is invalid, transitive dependencies (if any) will not be available, enable debug logging for more details
2015-12-03 17:38:59,226 [Worker-4] WARN  o.e.m.c.i.embedder.EclipseLogger - Using platform encoding (Cp1252 actually) to copy filtered resources, i.e. build is platform dependent!
2015-12-03 17:38:59,250 [Worker-4] INFO  o.e.m.c.i.embedder.EclipseLogger - Copying 7 resources
2015-12-03 17:38:59,259 [Worker-4] WARN  o.e.m.c.i.embedder.EclipseLogger - Using platform encoding (Cp1252 actually) to copy filtered resources, i.e. build is platform dependent!
2015-12-03 17:38:59,264 [Worker-4] INFO  o.e.m.c.i.embedder.EclipseLogger - skip non existing resourceDirectory C:\home\dcm\repos\dcm4chee-xds-infoset\dcm4chee-xds-infoset-v30\src\test\resources
2015-12-03 17:46:40,388 [Worker-8] WARN  o.e.m.c.i.embedder.EclipseLogger - Using platform encoding (Cp1252 actually) to copy filtered resources, i.e. build is platform dependent!
2015-12-03 17:46:40,436 [Worker-8] INFO  o.e.m.c.i.embedder.EclipseLogger - Copying 3 resources
2015-12-03 17:46:40,441 [Worker-8] WARN  o.e.m.c.i.embedder.EclipseLogger - File encoding has not been set, using platform encoding Cp1252, i.e. build is platform dependent!
2015-12-03 17:46:40,446 [Worker-8] WARN  o.e.m.c.i.embedder.EclipseLogger - Using platform encoding (Cp1252 actually) to copy filtered resources, i.e. build is platform dependent!
2015-12-03 17:46:40,452 [Worker-8] INFO  o.e.m.c.i.embedder.EclipseLogger - Copying 4 resources
2015-12-03 17:46:44,932 [Worker-8] WARN  o.e.m.c.i.embedder.EclipseLogger - Using platform encoding (Cp1252 actually) to copy filtered resources, i.e. build is platform dependent!
2015-12-03 17:46:44,941 [Worker-8] INFO  o.e.m.c.i.embedder.EclipseLogger - Copying 7 resources
2015-12-03 17:46:44,944 [Worker-8] WARN  o.e.m.c.i.embedder.EclipseLogger - Using platform encoding (Cp1252 actually) to copy filtered resources, i.e. build is platform dependent!
2015-12-03 17:46:44,949 [Worker-8] INFO  o.e.m.c.i.embedder.EclipseLogger - skip non existing resourceDirectory C:\home\dcm\repos\dcm4chee-xds-infoset\dcm4chee-xds-infoset-v30\src\test\resources
2015-12-06 09:47:53,341 [Worker-4] WARN  o.e.m.c.i.embedder.EclipseLogger - Using platform encoding (Cp1252 actually) to copy filtered resources, i.e. build is platform dependent!
2015-12-06 09:47:53,373 [Worker-4] INFO  o.e.m.c.i.embedder.EclipseLogger - Copying 3 resources
2015-12-06 09:47:53,457 [Worker-4] WARN  o.e.m.c.i.embedder.EclipseLogger - File encoding has not been set, using platform encoding Cp1252, i.e. build is platform dependent!
2015-12-06 09:47:53,461 [Worker-4] WARN  o.e.m.c.i.embedder.EclipseLogger - Using platform encoding (Cp1252 actually) to copy filtered resources, i.e. build is platform dependent!
2015-12-06 09:47:53,469 [Worker-4] INFO  o.e.m.c.i.embedder.EclipseLogger - Copying 4 resources
2015-12-06 09:48:00,367 [Worker-4] WARN  o.e.m.c.i.embedder.EclipseLogger - The POM for com.sun.xml.stream.buffer:streambuffer:jar:0.4 is invalid, transitive dependencies (if any) will not be available, enable debug logging for more details
2015-12-06 09:48:00,467 [Worker-4] WARN  o.e.m.c.i.embedder.EclipseLogger - The POM for org.jvnet.staxex:stax-ex:jar:1.0 is invalid, transitive dependencies (if any) will not be available, enable debug logging for more details
2015-12-06 09:48:01,147 [Worker-4] WARN  o.e.m.c.i.embedder.EclipseLogger - Using platform encoding (Cp1252 actually) to copy filtered resources, i.e. build is platform dependent!
2015-12-06 09:48:01,155 [Worker-4] INFO  o.e.m.c.i.embedder.EclipseLogger - Copying 7 resources
2015-12-06 09:48:01,322 [Worker-4] WARN  o.e.m.c.i.embedder.EclipseLogger - Using platform encoding (Cp1252 actually) to copy filtered resources, i.e. build is platform dependent!
2015-12-06 09:48:01,326 [Worker-4] INFO  o.e.m.c.i.embedder.EclipseLogger - skip non existing resourceDirectory C:\home\dcm\repos\dcm4chee-xds-infoset\dcm4chee-xds-infoset-v30\src\test\resources
2015-12-09 22:40:53,765 [Worker-9] INFO  o.e.m.c.i.l.LifecycleMappingFactory - Using org.eclipse.m2e.jdt.JarLifecycleMapping lifecycle mapping for MavenProject: dcm4che:dcm4chee-docstore-store:1.0.3 @ C:\home\dcm\repos\dcm4chee-docstore\dcm4chee-docstore-store\pom.xml.
2015-12-09 22:40:56,173 [Worker-9] WARN  o.e.m.c.i.embedder.EclipseLogger - Using platform encoding (Cp1252 actually) to copy filtered resources, i.e. build is platform dependent!
2015-12-09 22:40:56,228 [Worker-9] INFO  o.e.m.c.i.embedder.EclipseLogger - Copying 3 resources
2015-12-09 22:40:56,300 [Worker-9] WARN  o.e.m.c.i.embedder.EclipseLogger - File encoding has not been set, using platform encoding Cp1252, i.e. build is platform dependent!
2015-12-09 22:40:56,306 [Worker-9] WARN  o.e.m.c.i.embedder.EclipseLogger - Using platform encoding (Cp1252 actually) to copy filtered resources, i.e. build is platform dependent!
2015-12-09 22:40:56,313 [Worker-9] INFO  o.e.m.c.i.embedder.EclipseLogger - Copying 4 resources
2015-12-09 22:40:56,394 [Worker-10] INFO  o.e.m.c.i.l.LifecycleMappingFactory - Using org.eclipse.m2e.jdt.JarLifecycleMapping lifecycle mapping for MavenProject: dcm4che:dcm4chee-docstore-store:1.0.3 @ C:\home\dcm\repos\dcm4chee-docstore\dcm4chee-docstore-store\pom.xml.
2015-12-09 22:40:56,743 [Worker-10] INFO  o.e.m.c.i.l.LifecycleMappingFactory - Using org.eclipse.m2e.jdt.JarLifecycleMapping lifecycle mapping for MavenProject: dcm4che:dcm4chee-xds-infoset-v30:1.0.3 @ C:\home\dcm\repos\dcm4chee-xds-infoset\dcm4chee-xds-infoset-v30\pom.xml.
2015-12-09 22:40:56,826 [Worker-13] INFO  o.e.m.c.i.l.LifecycleMappingFactory - Using org.eclipse.m2e.jdt.JarLifecycleMapping lifecycle mapping for MavenProject: dcm4che:dcm4chee-xds-infoset-v30:1.0.3 @ C:\home\dcm\repos\dcm4chee-xds-infoset\dcm4chee-xds-infoset-v30\pom.xml.
2015-12-09 22:40:57,035 [Worker-10] WARN  o.e.m.c.i.embedder.EclipseLogger - The POM for com.sun.xml.stream.buffer:streambuffer:jar:0.4 is invalid, transitive dependencies (if any) will not be available, enable debug logging for more details
2015-12-09 22:40:57,035 [Worker-13] WARN  o.e.m.c.i.embedder.EclipseLogger - The POM for com.sun.xml.stream.buffer:streambuffer:jar:0.4 is invalid, transitive dependencies (if any) will not be available, enable debug logging for more details
2015-12-09 22:40:57,100 [Worker-10] WARN  o.e.m.c.i.embedder.EclipseLogger - The POM for org.jvnet.staxex:stax-ex:jar:1.0 is invalid, transitive dependencies (if any) will not be available, enable debug logging for more details
2015-12-09 22:40:57,100 [Worker-13] WARN  o.e.m.c.i.embedder.EclipseLogger - The POM for org.jvnet.staxex:stax-ex:jar:1.0 is invalid, transitive dependencies (if any) will not be available, enable debug logging for more details
2015-12-09 22:40:57,624 [Worker-13] WARN  o.e.m.c.i.embedder.EclipseLogger - Using platform encoding (Cp1252 actually) to copy filtered resources, i.e. build is platform dependent!
2015-12-09 22:40:57,630 [Worker-13] INFO  o.e.m.c.i.embedder.EclipseLogger - Copying 7 resources
2015-12-09 22:40:57,638 [Worker-13] WARN  o.e.m.c.i.embedder.EclipseLogger - Using platform encoding (Cp1252 actually) to copy filtered resources, i.e. build is platform dependent!
2015-12-09 22:40:57,647 [Worker-13] INFO  o.e.m.c.i.embedder.EclipseLogger - skip non existing resourceDirectory C:\home\dcm\repos\dcm4chee-xds-infoset\dcm4chee-xds-infoset-v30\src\test\resources
2015-12-09 22:40:58,415 [Worker-4] INFO  o.e.m.c.i.l.LifecycleMappingFactory - Using org.eclipse.m2e.jdt.JarLifecycleMapping lifecycle mapping for MavenProject: dcm4che:dcm4chee-docstore-store:1.0.3 @ C:\home\dcm\repos\dcm4chee-docstore\dcm4chee-docstore-store\pom.xml.
2015-12-09 22:40:58,516 [Worker-4] INFO  o.e.m.c.i.l.LifecycleMappingFactory - Using org.eclipse.m2e.jdt.JarLifecycleMapping lifecycle mapping for MavenProject: dcm4che:dcm4chee-xds-infoset-v30:1.0.3 @ C:\home\dcm\repos\dcm4chee-xds-infoset\dcm4chee-xds-infoset-v30\pom.xml.
2015-12-09 22:40:58,552 [Worker-4] WARN  o.e.m.c.i.embedder.EclipseLogger - The POM for com.sun.xml.stream.buffer:streambuffer:jar:0.4 is invalid, transitive dependencies (if any) will not be available, enable debug logging for more details
2015-12-09 22:40:58,574 [Worker-4] WARN  o.e.m.c.i.embedder.EclipseLogger - The POM for org.jvnet.staxex:stax-ex:jar:1.0 is invalid, transitive dependencies (if any) will not be available, enable debug logging for more details
2015-12-09 22:40:59,714 [Worker-10] WARN  o.e.m.c.i.embedder.EclipseLogger - Using platform encoding (Cp1252 actually) to copy filtered resources, i.e. build is platform dependent!
2015-12-09 22:40:59,729 [Worker-10] INFO  o.e.m.c.i.embedder.EclipseLogger - Copying 0 resource
2015-12-09 22:40:59,737 [Worker-10] WARN  o.e.m.c.i.embedder.EclipseLogger - File encoding has not been set, using platform encoding Cp1252, i.e. build is platform dependent!
2015-12-09 22:40:59,748 [Worker-10] WARN  o.e.m.c.i.embedder.EclipseLogger - Using platform encoding (Cp1252 actually) to copy filtered resources, i.e. build is platform dependent!
2015-12-09 22:40:59,753 [Worker-10] INFO  o.e.m.c.i.embedder.EclipseLogger - Copying 0 resource
2015-12-09 22:40:59,801 [Worker-10] WARN  o.e.m.c.i.embedder.EclipseLogger - Using platform encoding (Cp1252 actually) to copy filtered resources, i.e. build is platform dependent!
2015-12-09 22:40:59,808 [Worker-10] INFO  o.e.m.c.i.embedder.EclipseLogger - Copying 0 resource
2015-12-09 22:40:59,815 [Worker-10] WARN  o.e.m.c.i.embedder.EclipseLogger - Using platform encoding (Cp1252 actually) to copy filtered resources, i.e. build is platform dependent!
2015-12-09 22:40:59,819 [Worker-10] INFO  o.e.m.c.i.embedder.EclipseLogger - skip non existing resourceDirectory C:\home\dcm\repos\dcm4chee-xds-infoset\dcm4chee-xds-infoset-v30\src\test\resources
2015-12-10 00:46:24,588 [Worker-2] WARN  o.e.m.c.i.embedder.EclipseLogger - Using platform encoding (Cp1252 actually) to copy filtered resources, i.e. build is platform dependent!
2015-12-10 00:46:24,603 [Worker-2] INFO  o.e.m.c.i.embedder.EclipseLogger - Copying 3 resources
2015-12-10 00:46:24,611 [Worker-2] WARN  o.e.m.c.i.embedder.EclipseLogger - File encoding has not been set, using platform encoding Cp1252, i.e. build is platform dependent!
2015-12-10 00:46:24,616 [Worker-2] WARN  o.e.m.c.i.embedder.EclipseLogger - Using platform encoding (Cp1252 actually) to copy filtered resources, i.e. build is platform dependent!
2015-12-10 00:46:24,622 [Worker-2] INFO  o.e.m.c.i.embedder.EclipseLogger - Copying 4 resources
2015-12-10 00:46:25,013 [Worker-2] WARN  o.e.m.c.i.embedder.EclipseLogger - The POM for com.sun.xml.stream.buffer:streambuffer:jar:0.4 is invalid, transitive dependencies (if any) will not be available, enable debug logging for more details
2015-12-10 00:46:25,084 [Worker-2] WARN  o.e.m.c.i.embedder.EclipseLogger - The POM for org.jvnet.staxex:stax-ex:jar:1.0 is invalid, transitive dependencies (if any) will not be available, enable debug logging for more details
2015-12-10 00:46:25,529 [Worker-2] WARN  o.e.m.c.i.embedder.EclipseLogger - Using platform encoding (Cp1252 actually) to copy filtered resources, i.e. build is platform dependent!
2015-12-10 00:46:25,535 [Worker-2] INFO  o.e.m.c.i.embedder.EclipseLogger - Copying 7 resources
2015-12-10 00:46:25,544 [Worker-2] WARN  o.e.m.c.i.embedder.EclipseLogger - Using platform encoding (Cp1252 actually) to copy filtered resources, i.e. build is platform dependent!
2015-12-10 00:46:25,548 [Worker-2] INFO  o.e.m.c.i.embedder.EclipseLogger - skip non existing resourceDirectory C:\home\dcm\repos\dcm4chee-xds-infoset\dcm4chee-xds-infoset-v30\src\test\resources
